<?xml version="1.0" encoding="UTF-8"?>
<coverage generated="1713899749764" clover="3.2.0">
  <project timestamp="1713899749764" name="All files">
    <metrics statements="79" coveredstatements="76" conditionals="20" coveredconditionals="15" methods="28" coveredmethods="27" elements="127" coveredelements="118" complexity="0" loc="79" ncloc="79" packages="2" files="8" classes="8"/>
    <package name="components">
      <metrics statements="78" coveredstatements="75" conditionals="20" coveredconditionals="15" methods="28" coveredmethods="27"/>
      <file name="Body.js" path="D:\Tech Altum\React Course\React ( Namaste Dev)\Episode_13 Time for test\src\components\Body.js">
        <metrics statements="34" coveredstatements="32" conditionals="8" coveredconditionals="7" methods="10" coveredmethods="10"/>
        <line num="8" count="1" type="stmt"/>
        <line num="10" count="7" type="stmt"/>
        <line num="11" count="7" type="stmt"/>
        <line num="13" count="7" type="stmt"/>
        <line num="16" count="7" type="stmt"/>
        <line num="19" count="7" type="stmt"/>
        <line num="20" count="1" type="stmt"/>
        <line num="21" count="20" type="stmt"/>
        <line num="23" count="1" type="stmt"/>
        <line num="27" count="7" type="stmt"/>
        <line num="28" count="2" type="stmt"/>
        <line num="31" count="7" type="stmt"/>
        <line num="32" count="2" type="stmt"/>
        <line num="33" count="2" type="stmt"/>
        <line num="34" count="2" type="stmt"/>
        <line num="37" count="2" type="stmt"/>
        <line num="39" count="4" type="stmt"/>
        <line num="42" count="4" type="cond" truecount="2" falsecount="0"/>
        <line num="43" count="2" type="stmt"/>
        <line num="48" count="2" type="stmt"/>
        <line num="50" count="2" type="stmt"/>
        <line num="51" count="2" type="stmt"/>
        <line num="53" count="0" type="stmt"/>
        <line num="65" count="7" type="stmt"/>
        <line num="66" count="7" type="cond" truecount="1" falsecount="1"/>
        <line num="67" count="0" type="stmt"/>
        <line num="76" count="7" type="stmt"/>
        <line num="77" count="1" type="stmt"/>
        <line num="78" count="1" type="stmt"/>
        <line num="79" count="20" type="stmt"/>
        <line num="81" count="1" type="stmt"/>
        <line num="84" count="7" type="cond" truecount="2" falsecount="0"/>
        <line num="95" count="1" type="stmt"/>
        <line num="118" count="79" type="stmt"/>
      </file>
      <file name="Cart.js" path="D:\Tech Altum\React Course\React ( Namaste Dev)\Episode_13 Time for test\src\components\Cart.js">
        <metrics statements="6" coveredstatements="6" conditionals="2" coveredconditionals="2" methods="3" coveredmethods="3"/>
        <line num="6" count="1" type="stmt"/>
        <line num="9" count="8" type="stmt"/>
        <line num="11" count="4" type="stmt"/>
        <line num="12" count="4" type="stmt"/>
        <line num="14" count="1" type="stmt"/>
        <line num="17" count="4" type="stmt"/>
      </file>
      <file name="CategoriesItemList.js" path="D:\Tech Altum\React Course\React ( Namaste Dev)\Episode_13 Time for test\src\components\CategoriesItemList.js">
        <metrics statements="8" coveredstatements="8" conditionals="2" coveredconditionals="1" methods="4" coveredmethods="4"/>
        <line num="6" count="1" type="stmt"/>
        <line num="7" count="5" type="stmt"/>
        <line num="9" count="5" type="stmt"/>
        <line num="10" count="5" type="stmt"/>
        <line num="12" count="2" type="stmt"/>
        <line num="15" count="5" type="stmt"/>
        <line num="18" count="8" type="stmt"/>
        <line num="41" count="2" type="stmt"/>
      </file>
      <file name="Contact.js" path="D:\Tech Altum\React Course\React ( Namaste Dev)\Episode_13 Time for test\src\components\Contact.js">
        <metrics statements="2" coveredstatements="2" conditionals="0" coveredconditionals="0" methods="1" coveredmethods="1"/>
        <line num="3" count="1" type="stmt"/>
        <line num="4" count="4" type="stmt"/>
      </file>
      <file name="Header.js" path="D:\Tech Altum\React Course\React ( Namaste Dev)\Episode_13 Time for test\src\components\Header.js">
        <metrics statements="7" coveredstatements="6" conditionals="4" coveredconditionals="1" methods="3" coveredmethods="2"/>
        <line num="9" count="1" type="stmt"/>
        <line num="11" count="4" type="stmt"/>
        <line num="13" count="4" type="stmt"/>
        <line num="15" count="4" type="stmt"/>
        <line num="18" count="8" type="stmt"/>
        <line num="21" count="4" type="stmt"/>
        <line num="53" count="0" type="cond" truecount="0" falsecount="2"/>
      </file>
      <file name="RestaurantCard.js" path="D:\Tech Altum\React Course\React ( Namaste Dev)\Episode_13 Time for test\src\components\RestaurantCard.js">
        <metrics statements="8" coveredstatements="8" conditionals="0" coveredconditionals="0" methods="3" coveredmethods="3"/>
        <line num="3" count="2" type="stmt"/>
        <line num="6" count="2" type="stmt"/>
        <line num="7" count="80" type="stmt"/>
        <line num="9" count="80" type="stmt"/>
        <line num="10" count="80" type="stmt"/>
        <line num="32" count="2" type="stmt"/>
        <line num="34" count="7" type="stmt"/>
        <line num="35" count="16" type="stmt"/>
      </file>
      <file name="RestrauntMenu.js" path="D:\Tech Altum\React Course\React ( Namaste Dev)\Episode_13 Time for test\src\components\RestrauntMenu.js">
        <metrics statements="13" coveredstatements="13" conditionals="4" coveredconditionals="4" methods="4" coveredmethods="4"/>
        <line num="7" count="1" type="stmt"/>
        <line num="9" count="3" type="stmt"/>
        <line num="13" count="3" type="stmt"/>
        <line num="15" count="3" type="stmt"/>
        <line num="18" count="3" type="cond" truecount="2" falsecount="0"/>
        <line num="19" count="1" type="stmt"/>
        <line num="23" count="2" type="stmt"/>
        <line num="26" count="2" type="stmt"/>
        <line num="32" count="2" type="stmt"/>
        <line num="34" count="16" type="stmt"/>
        <line num="40" count="2" type="stmt"/>
        <line num="54" count="10" type="stmt"/>
        <line num="58" count="1" type="stmt"/>
      </file>
    </package>
    <package name="utils">
      <metrics statements="1" coveredstatements="1" conditionals="0" coveredconditionals="0" methods="0" coveredmethods="0"/>
      <file name="appReduxStore.js" path="D:\Tech Altum\React Course\React ( Namaste Dev)\Episode_13 Time for test\src\utils\appReduxStore.js">
        <metrics statements="1" coveredstatements="1" conditionals="0" coveredconditionals="0" methods="0" coveredmethods="0"/>
        <line num="4" count="1" type="stmt"/>
      </file>
    </package>
  </project>
</coverage>
