{"D:\\Tech Altum\\React Course\\React ( Namaste Dev)\\Episode_13 Time for test\\src\\components\\Contact.js": {"path":"D:\\Tech Altum\\React Course\\React ( Namaste Dev)\\Episode_13 Time for test\\src\\components\\Contact.js","statementMap":{"0":{"start":{"line":3,"column":16},"end":{"line":15,"column":1}},"1":{"start":{"line":4,"column":4},"end":{"line":14,"column":5}}},"fnMap":{"0":{"name":"(anonymous_0)","decl":{"start":{"line":3,"column":16},"end":{"line":3,"column":17}},"loc":{"start":{"line":3,"column":22},"end":{"line":15,"column":1}},"line":3}},"branchMap":{},"s":{"0":1,"1":4},"f":{"0":4},"b":{},"_coverageSchema":"1a1c01bbd47fc00a2c39e90264f33305004495a9","hash":"ab7c610b21f717ef35cc527b0e72afb4ca5cd55d"}
,"D:\\Tech Altum\\React Course\\React ( Namaste Dev)\\Episode_13 Time for test\\src\\components\\sum.js": {"path":"D:\\Tech Altum\\React Course\\React ( Namaste Dev)\\Episode_13 Time for test\\src\\components\\sum.js","statementMap":{"0":{"start":{"line":1,"column":19},"end":{"line":4,"column":1}},"1":{"start":{"line":2,"column":12},"end":{"line":2,"column":17}},"2":{"start":{"line":3,"column":4},"end":{"line":3,"column":13}}},"fnMap":{"0":{"name":"(anonymous_0)","decl":{"start":{"line":1,"column":19},"end":{"line":1,"column":20}},"loc":{"start":{"line":1,"column":28},"end":{"line":4,"column":1}},"line":1}},"branchMap":{},"s":{"0":1,"1":1,"2":1},"f":{"0":1},"b":{},"_coverageSchema":"1a1c01bbd47fc00a2c39e90264f33305004495a9","hash":"315c48103965a9575d4352d0b447ae537c9f1e04"}
}
