{"D:\\Tech Altum\\React Course\\React ( Namaste Dev)\\Episode_13 Time for test\\src\\components\\Body.js": {"path":"D:\\Tech Altum\\React Course\\React ( Namaste Dev)\\Episode_13 Time for test\\src\\components\\Body.js","statementMap":{"0":{"start":{"line":8,"column":13},"end":{"line":131,"column":1}},"1":{"start":{"line":10,"column":50},"end":{"line":10,"column":62}},"2":{"start":{"line":11,"column":54},"end":{"line":11,"column":66}},"3":{"start":{"line":13,"column":38},"end":{"line":13,"column":50}},"4":{"start":{"line":16,"column":27},"end":{"line":16,"column":55}},"5":{"start":{"line":20,"column":22},"end":{"line":25,"column":3}},"6":{"start":{"line":21,"column":17},"end":{"line":23,"column":5}},"7":{"start":{"line":22,"column":19},"end":{"line":22,"column":48}},"8":{"start":{"line":24,"column":4},"end":{"line":24,"column":32}},"9":{"start":{"line":28,"column":2},"end":{"line":30,"column":9}},"10":{"start":{"line":29,"column":4},"end":{"line":29,"column":16}},"11":{"start":{"line":32,"column":20},"end":{"line":56,"column":3}},"12":{"start":{"line":33,"column":4},"end":{"line":55,"column":5}},"13":{"start":{"line":34,"column":19},"end":{"line":34,"column":39}},"14":{"start":{"line":35,"column":19},"end":{"line":35,"column":36}},"15":{"start":{"line":38,"column":8},"end":{"line":46,"column":9}},"16":{"start":{"line":38,"column":21},"end":{"line":38,"column":22}},"17":{"start":{"line":40,"column":12},"end":{"line":41,"column":27}},"18":{"start":{"line":43,"column":10},"end":{"line":45,"column":11}},"19":{"start":{"line":44,"column":12},"end":{"line":44,"column":29}},"20":{"start":{"line":49,"column":22},"end":{"line":49,"column":47}},"21":{"start":{"line":51,"column":6},"end":{"line":51,"column":35}},"22":{"start":{"line":52,"column":6},"end":{"line":52,"column":37}},"23":{"start":{"line":54,"column":6},"end":{"line":54,"column":23}},"24":{"start":{"line":66,"column":23},"end":{"line":66,"column":40}},"25":{"start":{"line":67,"column":2},"end":{"line":73,"column":3}},"26":{"start":{"line":68,"column":4},"end":{"line":72,"column":6}},"27":{"start":{"line":77,"column":20},"end":{"line":83,"column":3}},"28":{"start":{"line":78,"column":4},"end":{"line":78,"column":28}},"29":{"start":{"line":79,"column":31},"end":{"line":81,"column":5}},"30":{"start":{"line":80,"column":6},"end":{"line":80,"column":72}},"31":{"start":{"line":82,"column":4},"end":{"line":82,"column":46}},"32":{"start":{"line":85,"column":2},"end":{"line":130,"column":4}},"33":{"start":{"line":96,"column":29},"end":{"line":96,"column":58}},"34":{"start":{"line":119,"column":10},"end":{"line":126,"column":17}}},"fnMap":{"0":{"name":"(anonymous_0)","decl":{"start":{"line":8,"column":13},"end":{"line":8,"column":14}},"loc":{"start":{"line":8,"column":19},"end":{"line":131,"column":1}},"line":8},"1":{"name":"(anonymous_1)","decl":{"start":{"line":20,"column":22},"end":{"line":20,"column":23}},"loc":{"start":{"line":20,"column":28},"end":{"line":25,"column":3}},"line":20},"2":{"name":"(anonymous_2)","decl":{"start":{"line":22,"column":6},"end":{"line":22,"column":7}},"loc":{"start":{"line":22,"column":19},"end":{"line":22,"column":48}},"line":22},"3":{"name":"(anonymous_3)","decl":{"start":{"line":28,"column":12},"end":{"line":28,"column":13}},"loc":{"start":{"line":28,"column":18},"end":{"line":30,"column":3}},"line":28},"4":{"name":"(anonymous_4)","decl":{"start":{"line":32,"column":20},"end":{"line":32,"column":21}},"loc":{"start":{"line":32,"column":32},"end":{"line":56,"column":3}},"line":32},"5":{"name":"checkJsonData","decl":{"start":{"line":37,"column":21},"end":{"line":37,"column":34}},"loc":{"start":{"line":37,"column":45},"end":{"line":47,"column":7}},"line":37},"6":{"name":"(anonymous_6)","decl":{"start":{"line":77,"column":20},"end":{"line":77,"column":21}},"loc":{"start":{"line":77,"column":26},"end":{"line":83,"column":3}},"line":77},"7":{"name":"(anonymous_7)","decl":{"start":{"line":79,"column":55},"end":{"line":79,"column":56}},"loc":{"start":{"line":80,"column":6},"end":{"line":80,"column":72}},"line":80},"8":{"name":"(anonymous_8)","decl":{"start":{"line":96,"column":22},"end":{"line":96,"column":23}},"loc":{"start":{"line":96,"column":29},"end":{"line":96,"column":58}},"line":96},"9":{"name":"(anonymous_9)","decl":{"start":{"line":118,"column":32},"end":{"line":118,"column":33}},"loc":{"start":{"line":119,"column":10},"end":{"line":126,"column":17}},"line":119}},"branchMap":{"0":{"loc":{"start":{"line":43,"column":10},"end":{"line":45,"column":11}},"type":"if","locations":[{"start":{"line":43,"column":10},"end":{"line":45,"column":11}},{"start":{},"end":{}}],"line":43},"1":{"loc":{"start":{"line":67,"column":2},"end":{"line":73,"column":3}},"type":"if","locations":[{"start":{"line":67,"column":2},"end":{"line":73,"column":3}},{"start":{},"end":{}}],"line":67},"2":{"loc":{"start":{"line":85,"column":9},"end":{"line":130,"column":3}},"type":"cond-expr","locations":[{"start":{"line":86,"column":4},"end":{"line":86,"column":15}},{"start":{"line":88,"column":4},"end":{"line":129,"column":10}}],"line":85},"3":{"loc":{"start":{"line":121,"column":13},"end":{"line":125,"column":13}},"type":"cond-expr","locations":[{"start":{"line":122,"column":14},"end":{"line":122,"column":52}},{"start":{"line":124,"column":14},"end":{"line":124,"column":50}}],"line":121}},"s":{"0":1,"1":1,"2":1,"3":1,"4":1,"5":1,"6":0,"7":0,"8":0,"9":1,"10":1,"11":1,"12":1,"13":1,"14":0,"15":0,"16":0,"17":0,"18":0,"19":0,"20":0,"21":0,"22":0,"23":1,"24":1,"25":1,"26":0,"27":1,"28":0,"29":0,"30":0,"31":0,"32":1,"33":0,"34":0},"f":{"0":1,"1":0,"2":0,"3":1,"4":1,"5":0,"6":0,"7":0,"8":0,"9":0},"b":{"0":[0,0],"1":[0,1],"2":[1,0],"3":[0,0]},"_coverageSchema":"1a1c01bbd47fc00a2c39e90264f33305004495a9","hash":"e461b60ece52d33c3db991e07e416fbfafed07b8"}
,"D:\\Tech Altum\\React Course\\React ( Namaste Dev)\\Episode_13 Time for test\\src\\components\\Contact.js": {"path":"D:\\Tech Altum\\React Course\\React ( Namaste Dev)\\Episode_13 Time for test\\src\\components\\Contact.js","statementMap":{"0":{"start":{"line":3,"column":16},"end":{"line":15,"column":1}},"1":{"start":{"line":4,"column":4},"end":{"line":14,"column":5}}},"fnMap":{"0":{"name":"(anonymous_0)","decl":{"start":{"line":3,"column":16},"end":{"line":3,"column":17}},"loc":{"start":{"line":3,"column":22},"end":{"line":15,"column":1}},"line":3}},"branchMap":{},"s":{"0":1,"1":4},"f":{"0":4},"b":{},"_coverageSchema":"1a1c01bbd47fc00a2c39e90264f33305004495a9","hash":"ab7c610b21f717ef35cc527b0e72afb4ca5cd55d"}
,"D:\\Tech Altum\\React Course\\React ( Namaste Dev)\\Episode_13 Time for test\\src\\components\\Header.js": {"path":"D:\\Tech Altum\\React Course\\React ( Namaste Dev)\\Episode_13 Time for test\\src\\components\\Header.js","statementMap":{"0":{"start":{"line":9,"column":15},"end":{"line":66,"column":3}},"1":{"start":{"line":11,"column":43},"end":{"line":11,"column":70}},"2":{"start":{"line":13,"column":24},"end":{"line":13,"column":41}},"3":{"start":{"line":15,"column":26},"end":{"line":15,"column":49}},"4":{"start":{"line":18,"column":21},"end":{"line":18,"column":60}},"5":{"start":{"line":18,"column":43},"end":{"line":18,"column":59}},"6":{"start":{"line":21,"column":4},"end":{"line":65,"column":6}},"7":{"start":{"line":53,"column":14},"end":{"line":55,"column":42}}},"fnMap":{"0":{"name":"(anonymous_0)","decl":{"start":{"line":9,"column":15},"end":{"line":9,"column":16}},"loc":{"start":{"line":9,"column":21},"end":{"line":66,"column":3}},"line":9},"1":{"name":"(anonymous_1)","decl":{"start":{"line":18,"column":33},"end":{"line":18,"column":34}},"loc":{"start":{"line":18,"column":43},"end":{"line":18,"column":59}},"line":18},"2":{"name":"(anonymous_2)","decl":{"start":{"line":52,"column":50},"end":{"line":52,"column":51}},"loc":{"start":{"line":52,"column":55},"end":{"line":56,"column":15}},"line":52}},"branchMap":{"0":{"loc":{"start":{"line":44,"column":24},"end":{"line":44,"column":48}},"type":"cond-expr","locations":[{"start":{"line":44,"column":38},"end":{"line":44,"column":41}},{"start":{"line":44,"column":44},"end":{"line":44,"column":48}}],"line":44},"1":{"loc":{"start":{"line":53,"column":14},"end":{"line":55,"column":41}},"type":"cond-expr","locations":[{"start":{"line":54,"column":15},"end":{"line":54,"column":49}},{"start":{"line":55,"column":15},"end":{"line":55,"column":41}}],"line":53}},"s":{"0":1,"1":4,"2":4,"3":4,"4":4,"5":7,"6":4,"7":1},"f":{"0":4,"1":7,"2":1},"b":{"0":[4,0],"1":[0,1]},"_coverageSchema":"1a1c01bbd47fc00a2c39e90264f33305004495a9","hash":"dc0476cee5124c2a679d0b2daad17cbcf7618b21"}
,"D:\\Tech Altum\\React Course\\React ( Namaste Dev)\\Episode_13 Time for test\\src\\components\\RestaurantCard.js": {"path":"D:\\Tech Altum\\React Course\\React ( Namaste Dev)\\Episode_13 Time for test\\src\\components\\RestaurantCard.js","statementMap":{"0":{"start":{"line":3,"column":19},"end":{"line":5,"column":1}},"1":{"start":{"line":6,"column":23},"end":{"line":26,"column":3}},"2":{"start":{"line":7,"column":22},"end":{"line":7,"column":27}},"3":{"start":{"line":9,"column":78},"end":{"line":9,"column":91}},"4":{"start":{"line":10,"column":4},"end":{"line":25,"column":6}},"5":{"start":{"line":32,"column":30},"end":{"line":42,"column":3}},"6":{"start":{"line":34,"column":4},"end":{"line":41,"column":5}},"7":{"start":{"line":35,"column":6},"end":{"line":40,"column":7}}},"fnMap":{"0":{"name":"(anonymous_0)","decl":{"start":{"line":6,"column":23},"end":{"line":6,"column":24}},"loc":{"start":{"line":6,"column":34},"end":{"line":26,"column":3}},"line":6},"1":{"name":"(anonymous_1)","decl":{"start":{"line":32,"column":30},"end":{"line":32,"column":31}},"loc":{"start":{"line":32,"column":49},"end":{"line":42,"column":3}},"line":32},"2":{"name":"(anonymous_2)","decl":{"start":{"line":34,"column":10},"end":{"line":34,"column":11}},"loc":{"start":{"line":34,"column":20},"end":{"line":41,"column":5}},"line":34}},"branchMap":{},"s":{"0":2,"1":2,"2":1,"3":1,"4":1,"5":2,"6":1,"7":0},"f":{"0":1,"1":1,"2":0},"b":{},"_coverageSchema":"1a1c01bbd47fc00a2c39e90264f33305004495a9","hash":"718e5eced501f9d3d5dbbe94a4ca2feed5c70bd0"}
,"D:\\Tech Altum\\React Course\\React ( Namaste Dev)\\Episode_13 Time for test\\src\\components\\Shimmer.js": {"path":"D:\\Tech Altum\\React Course\\React ( Namaste Dev)\\Episode_13 Time for test\\src\\components\\Shimmer.js","statementMap":{"0":{"start":{"line":4,"column":2},"end":{"line":21,"column":3}}},"fnMap":{"0":{"name":"Shimmer","decl":{"start":{"line":3,"column":9},"end":{"line":3,"column":16}},"loc":{"start":{"line":3,"column":19},"end":{"line":22,"column":1}},"line":3}},"branchMap":{},"s":{"0":1},"f":{"0":1},"b":{},"_coverageSchema":"1a1c01bbd47fc00a2c39e90264f33305004495a9","hash":"0a499ecf0990602705c2c99e9b1d74dfe8b505b0"}
,"D:\\Tech Altum\\React Course\\React ( Namaste Dev)\\Episode_13 Time for test\\src\\components\\sum.js": {"path":"D:\\Tech Altum\\React Course\\React ( Namaste Dev)\\Episode_13 Time for test\\src\\components\\sum.js","statementMap":{"0":{"start":{"line":1,"column":19},"end":{"line":4,"column":1}},"1":{"start":{"line":2,"column":12},"end":{"line":2,"column":17}},"2":{"start":{"line":3,"column":4},"end":{"line":3,"column":13}}},"fnMap":{"0":{"name":"(anonymous_0)","decl":{"start":{"line":1,"column":19},"end":{"line":1,"column":20}},"loc":{"start":{"line":1,"column":28},"end":{"line":4,"column":1}},"line":1}},"branchMap":{},"s":{"0":1,"1":1,"2":1},"f":{"0":1},"b":{},"_coverageSchema":"1a1c01bbd47fc00a2c39e90264f33305004495a9","hash":"315c48103965a9575d4352d0b447ae537c9f1e04"}
,"D:\\Tech Altum\\React Course\\React ( Namaste Dev)\\Episode_13 Time for test\\src\\utils\\appReduxStore.js": {"path":"D:\\Tech Altum\\React Course\\React ( Namaste Dev)\\Episode_13 Time for test\\src\\utils\\appReduxStore.js","statementMap":{"0":{"start":{"line":4,"column":22},"end":{"line":9,"column":2}}},"fnMap":{},"branchMap":{},"s":{"0":1},"f":{},"b":{},"_coverageSchema":"1a1c01bbd47fc00a2c39e90264f33305004495a9","hash":"5454969f960270513d0a25af486e4abfceba515b"}
,"D:\\Tech Altum\\React Course\\React ( Namaste Dev)\\Episode_13 Time for test\\src\\utils\\cartReduxStoreSlice.js": {"path":"D:\\Tech Altum\\React Course\\React ( Namaste Dev)\\Episode_13 Time for test\\src\\utils\\cartReduxStoreSlice.js","statementMap":{"0":{"start":{"line":4,"column":28},"end":{"line":42,"column":2}},"1":{"start":{"line":19,"column":31},"end":{"line":22,"column":13}},"2":{"start":{"line":23,"column":12},"end":{"line":23,"column":41}},"3":{"start":{"line":30,"column":31},"end":{"line":32,"column":14}},"4":{"start":{"line":31,"column":16},"end":{"line":31,"column":51}},"5":{"start":{"line":33,"column":12},"end":{"line":33,"column":37}},"6":{"start":{"line":38,"column":12},"end":{"line":38,"column":35}},"7":{"start":{"line":52,"column":48},"end":{"line":52,"column":75}}},"fnMap":{"0":{"name":"(anonymous_0)","decl":{"start":{"line":10,"column":17},"end":{"line":10,"column":18}},"loc":{"start":{"line":10,"column":35},"end":{"line":27,"column":9}},"line":10},"1":{"name":"(anonymous_1)","decl":{"start":{"line":28,"column":20},"end":{"line":28,"column":21}},"loc":{"start":{"line":28,"column":38},"end":{"line":36,"column":9}},"line":28},"2":{"name":"(anonymous_2)","decl":{"start":{"line":30,"column":50},"end":{"line":30,"column":51}},"loc":{"start":{"line":30,"column":59},"end":{"line":32,"column":13}},"line":30},"3":{"name":"(anonymous_3)","decl":{"start":{"line":37,"column":19},"end":{"line":37,"column":20}},"loc":{"start":{"line":37,"column":37},"end":{"line":39,"column":9}},"line":37}},"branchMap":{"0":{"loc":{"start":{"line":7,"column":15},"end":{"line":7,"column":61}},"type":"binary-expr","locations":[{"start":{"line":7,"column":15},"end":{"line":7,"column":55}},{"start":{"line":7,"column":59},"end":{"line":7,"column":61}}],"line":7}},"s":{"0":1,"1":0,"2":0,"3":0,"4":0,"5":0,"6":0,"7":1},"f":{"0":0,"1":0,"2":0,"3":0},"b":{"0":[1,1]},"_coverageSchema":"1a1c01bbd47fc00a2c39e90264f33305004495a9","hash":"e8977161926a95983b094a56a17b84ad05bd2059"}
,"D:\\Tech Altum\\React Course\\React ( Namaste Dev)\\Episode_13 Time for test\\src\\utils\\constant.js": {"path":"D:\\Tech Altum\\React Course\\React ( Namaste Dev)\\Episode_13 Time for test\\src\\utils\\constant.js","statementMap":{"0":{"start":{"line":3,"column":0},"end":{"line":3,"column":83}},"1":{"start":{"line":7,"column":0},"end":{"line":7,"column":72}},"2":{"start":{"line":10,"column":0},"end":{"line":10,"column":176}},"3":{"start":{"line":13,"column":0},"end":{"line":13,"column":161}}},"fnMap":{},"branchMap":{},"s":{"0":3,"1":3,"2":3,"3":3},"f":{},"b":{},"_coverageSchema":"1a1c01bbd47fc00a2c39e90264f33305004495a9","hash":"eb33651f145f5e07954cb052f682023b35b8d53b"}
,"D:\\Tech Altum\\React Course\\React ( Namaste Dev)\\Episode_13 Time for test\\src\\utils\\useOnlineStatus.js": {"path":"D:\\Tech Altum\\React Course\\React ( Namaste Dev)\\Episode_13 Time for test\\src\\utils\\useOnlineStatus.js","statementMap":{"0":{"start":{"line":3,"column":24},"end":{"line":18,"column":1}},"1":{"start":{"line":4,"column":43},"end":{"line":4,"column":57}},"2":{"start":{"line":6,"column":4},"end":{"line":14,"column":9}},"3":{"start":{"line":7,"column":9},"end":{"line":9,"column":11}},"4":{"start":{"line":8,"column":12},"end":{"line":8,"column":35}},"5":{"start":{"line":11,"column":9},"end":{"line":13,"column":11}},"6":{"start":{"line":12,"column":12},"end":{"line":12,"column":34}},"7":{"start":{"line":17,"column":4},"end":{"line":17,"column":24}}},"fnMap":{"0":{"name":"(anonymous_0)","decl":{"start":{"line":3,"column":24},"end":{"line":3,"column":25}},"loc":{"start":{"line":3,"column":30},"end":{"line":18,"column":1}},"line":3},"1":{"name":"(anonymous_1)","decl":{"start":{"line":6,"column":14},"end":{"line":6,"column":15}},"loc":{"start":{"line":6,"column":20},"end":{"line":14,"column":5}},"line":6},"2":{"name":"(anonymous_2)","decl":{"start":{"line":7,"column":44},"end":{"line":7,"column":45}},"loc":{"start":{"line":7,"column":50},"end":{"line":9,"column":10}},"line":7},"3":{"name":"(anonymous_3)","decl":{"start":{"line":11,"column":43},"end":{"line":11,"column":44}},"loc":{"start":{"line":11,"column":49},"end":{"line":13,"column":10}},"line":11}},"branchMap":{},"s":{"0":2,"1":5,"2":5,"3":4,"4":0,"5":4,"6":0,"7":5},"f":{"0":5,"1":4,"2":0,"3":0},"b":{},"_coverageSchema":"1a1c01bbd47fc00a2c39e90264f33305004495a9","hash":"feb69fc51c9e93cc2f7328a988648b5cad19db65"}
,"D:\\Tech Altum\\React Course\\React ( Namaste Dev)\\Episode_13 Time for test\\src\\utils\\userContext.js": {"path":"D:\\Tech Altum\\React Course\\React ( Namaste Dev)\\Episode_13 Time for test\\src\\utils\\userContext.js","statementMap":{"0":{"start":{"line":3,"column":20},"end":{"line":5,"column":2}}},"fnMap":{},"branchMap":{},"s":{"0":1},"f":{},"b":{},"_coverageSchema":"1a1c01bbd47fc00a2c39e90264f33305004495a9","hash":"4cdbb0ff2354dc86ba9847595540e823af060d19"}
}
