TN:
SF:src\components\Body.js
FN:8,(anonymous_0)
FN:19,(anonymous_1)
FN:21,(anonymous_2)
FN:27,(anonymous_3)
FN:31,(anonymous_4)
FN:36,checkJsonData
FN:76,(anonymous_6)
FN:78,(anonymous_7)
FN:95,(anonymous_8)
FN:117,(anonymous_9)
FNF:10
FNH:10
FNDA:7,(anonymous_0)
FNDA:1,(anonymous_1)
FNDA:20,(anonymous_2)
FNDA:2,(anonymous_3)
FNDA:2,(anonymous_4)
FNDA:2,checkJsonData
FNDA:1,(anonymous_6)
FNDA:20,(anonymous_7)
FNDA:1,(anonymous_8)
FNDA:79,(anonymous_9)
DA:8,1
DA:10,7
DA:11,7
DA:13,7
DA:16,7
DA:19,7
DA:20,1
DA:21,20
DA:23,1
DA:27,7
DA:28,2
DA:31,7
DA:32,2
DA:33,2
DA:34,2
DA:37,2
DA:39,4
DA:42,4
DA:43,2
DA:48,2
DA:50,2
DA:51,2
DA:53,0
DA:65,7
DA:66,7
DA:67,0
DA:76,7
DA:77,1
DA:78,1
DA:79,20
DA:81,1
DA:84,7
DA:95,1
DA:118,79
LF:34
LH:32
BRDA:42,0,0,2
BRDA:42,0,1,2
BRDA:66,1,0,0
BRDA:66,1,1,7
BRDA:84,2,0,2
BRDA:84,2,1,5
BRDA:120,3,0,16
BRDA:120,3,1,63
BRF:8
BRH:7
end_of_record
TN:
SF:src\components\Cart.js
FN:6,(anonymous_0)
FN:9,(anonymous_1)
FN:12,(anonymous_2)
FNF:3
FNH:3
FNDA:4,(anonymous_0)
FNDA:8,(anonymous_1)
FNDA:1,(anonymous_2)
DA:6,1
DA:9,8
DA:11,4
DA:12,4
DA:14,1
DA:17,4
LF:6
LH:6
BRDA:27,0,0,2
BRDA:27,0,1,2
BRF:2
BRH:2
end_of_record
TN:
SF:src\components\CategoriesItemList.js
FN:6,(anonymous_0)
FN:10,(anonymous_1)
FN:17,(anonymous_2)
FN:41,(anonymous_3)
FNF:4
FNH:4
FNDA:5,(anonymous_0)
FNDA:2,(anonymous_1)
FNDA:8,(anonymous_2)
FNDA:2,(anonymous_3)
DA:6,1
DA:7,5
DA:9,5
DA:10,5
DA:12,2
DA:15,5
DA:18,8
DA:41,2
LF:8
LH:8
BRDA:28,0,0,8
BRDA:28,0,1,0
BRF:2
BRH:1
end_of_record
TN:
SF:src\components\Contact.js
FN:3,(anonymous_0)
FNF:1
FNH:1
FNDA:4,(anonymous_0)
DA:3,1
DA:4,4
LF:2
LH:2
BRF:0
BRH:0
end_of_record
TN:
SF:src\components\Header.js
FN:9,(anonymous_0)
FN:18,(anonymous_1)
FN:52,(anonymous_2)
FNF:3
FNH:2
FNDA:4,(anonymous_0)
FNDA:8,(anonymous_1)
FNDA:0,(anonymous_2)
DA:9,1
DA:11,4
DA:13,4
DA:15,4
DA:18,8
DA:21,4
DA:53,0
LF:7
LH:6
BRDA:44,0,0,4
BRDA:44,0,1,0
BRDA:53,1,0,0
BRDA:53,1,1,0
BRF:4
BRH:1
end_of_record
TN:
SF:src\components\RestaurantCard.js
FN:6,(anonymous_0)
FN:32,(anonymous_1)
FN:34,(anonymous_2)
FNF:3
FNH:3
FNDA:80,(anonymous_0)
FNDA:7,(anonymous_1)
FNDA:16,(anonymous_2)
DA:3,2
DA:6,2
DA:7,80
DA:9,80
DA:10,80
DA:32,2
DA:34,7
DA:35,16
LF:8
LH:8
BRF:0
BRH:0
end_of_record
TN:
SF:src\components\RestrauntMenu.js
FN:7,(anonymous_0)
FN:33,(anonymous_1)
FN:51,(anonymous_2)
FN:58,(anonymous_3)
FNF:4
FNH:4
FNDA:3,(anonymous_0)
FNDA:16,(anonymous_1)
FNDA:10,(anonymous_2)
FNDA:1,(anonymous_3)
DA:7,1
DA:9,3
DA:13,3
DA:15,3
DA:18,3
DA:19,1
DA:23,2
DA:26,2
DA:32,2
DA:34,16
DA:40,2
DA:54,10
DA:58,1
LF:13
LH:13
BRDA:18,0,0,1
BRDA:18,0,1,2
BRDA:57,1,0,1
BRDA:57,1,1,9
BRF:4
BRH:4
end_of_record
TN:
SF:src\utils\appReduxStore.js
FNF:0
FNH:0
DA:4,1
LF:1
LH:1
BRF:0
BRH:0
end_of_record
